  Renderer.cpp
C:\Users\th0ma\OneDrive - University of Bergen\Priv\cpp\RayCastBanana\RayCastBanana\Renderer.cpp(25,53): warning C4244: 'argument': conversion from 'int' to 'float', possible loss of data
C:\Users\th0ma\OneDrive - University of Bergen\Priv\cpp\RayCastBanana\RayCastBanana\Renderer.cpp(25,35): warning C4244: 'argument': conversion from 'int' to 'float', possible loss of data
C:\Users\th0ma\OneDrive - University of Bergen\Priv\cpp\RayCastBanana\RayCastBanana\Renderer.cpp(158,39): warning C4244: 'initializing': conversion from 'double' to 'float', possible loss of data
C:\Users\th0ma\OneDrive - University of Bergen\Priv\cpp\RayCastBanana\RayCastBanana\Renderer.cpp(158,28): warning C4244: 'initializing': conversion from 'double' to 'const float', possible loss of data
C:\Users\th0ma\OneDrive - University of Bergen\Priv\cpp\RayCastBanana\RayCastBanana\Renderer.cpp(166,22): warning C4244: 'initializing': conversion from 'double' to 'float', possible loss of data
C:\Users\th0ma\OneDrive - University of Bergen\Priv\cpp\RayCastBanana\RayCastBanana\Renderer.cpp(174,23): warning C4244: '=': conversion from 'int' to 'float', possible loss of data
C:\Users\th0ma\OneDrive - University of Bergen\Priv\cpp\RayCastBanana\RayCastBanana\Renderer.cpp(209,29): warning C4244: 'argument': conversion from 'double' to 'sf::Uint8', possible loss of data
C:\Users\th0ma\OneDrive - University of Bergen\Priv\cpp\RayCastBanana\RayCastBanana\Renderer.cpp(208,29): warning C4244: 'argument': conversion from 'double' to 'sf::Uint8', possible loss of data
C:\Users\th0ma\OneDrive - University of Bergen\Priv\cpp\RayCastBanana\RayCastBanana\Renderer.cpp(207,29): warning C4244: 'argument': conversion from 'double' to 'sf::Uint8', possible loss of data
C:\Users\th0ma\OneDrive - University of Bergen\Priv\cpp\RayCastBanana\RayCastBanana\Renderer.cpp(226,48): warning C4244: 'initializing': conversion from 'double' to 'float', possible loss of data
C:\Users\th0ma\OneDrive - University of Bergen\Priv\cpp\RayCastBanana\RayCastBanana\Renderer.cpp(226,32): warning C4244: 'initializing': conversion from 'double' to 'const float', possible loss of data
C:\Users\th0ma\OneDrive - University of Bergen\Priv\cpp\RayCastBanana\RayCastBanana\Renderer.cpp(233,51): warning C4244: 'initializing': conversion from 'double' to 'float', possible loss of data
C:\Users\th0ma\OneDrive - University of Bergen\Priv\cpp\RayCastBanana\RayCastBanana\Renderer.cpp(233,41): warning C4244: 'initializing': conversion from 'double' to 'const float', possible loss of data
C:\Users\th0ma\OneDrive - University of Bergen\Priv\cpp\RayCastBanana\RayCastBanana\Renderer.cpp(236,20): warning C4244: 'initializing': conversion from 'float' to 'int', possible loss of data
C:\Users\th0ma\OneDrive - University of Bergen\Priv\cpp\RayCastBanana\RayCastBanana\Renderer.cpp(239,35): warning C4244: 'initializing': conversion from 'int' to 'float', possible loss of data
C:\Users\th0ma\OneDrive - University of Bergen\Priv\cpp\RayCastBanana\RayCastBanana\Renderer.cpp(245,26): warning C4244: 'initializing': conversion from 'double' to 'float', possible loss of data
C:\Users\th0ma\OneDrive - University of Bergen\Priv\cpp\RayCastBanana\RayCastBanana\Renderer.cpp(246,26): warning C4244: 'initializing': conversion from 'double' to 'float', possible loss of data
C:\Users\th0ma\OneDrive - University of Bergen\Priv\cpp\RayCastBanana\RayCastBanana\Renderer.cpp(260,29): warning C4244: 'argument': conversion from 'double' to 'sf::Uint8', possible loss of data
C:\Users\th0ma\OneDrive - University of Bergen\Priv\cpp\RayCastBanana\RayCastBanana\Renderer.cpp(259,29): warning C4244: 'argument': conversion from 'double' to 'sf::Uint8', possible loss of data
C:\Users\th0ma\OneDrive - University of Bergen\Priv\cpp\RayCastBanana\RayCastBanana\Renderer.cpp(258,29): warning C4244: 'argument': conversion from 'double' to 'sf::Uint8', possible loss of data
C:\Users\th0ma\OneDrive - University of Bergen\Priv\cpp\RayCastBanana\RayCastBanana\Renderer.cpp(273,29): warning C4244: 'argument': conversion from 'double' to 'sf::Uint8', possible loss of data
C:\Users\th0ma\OneDrive - University of Bergen\Priv\cpp\RayCastBanana\RayCastBanana\Renderer.cpp(272,29): warning C4244: 'argument': conversion from 'double' to 'sf::Uint8', possible loss of data
C:\Users\th0ma\OneDrive - University of Bergen\Priv\cpp\RayCastBanana\RayCastBanana\Renderer.cpp(271,29): warning C4244: 'argument': conversion from 'double' to 'sf::Uint8', possible loss of data
C:\Users\th0ma\OneDrive - University of Bergen\Priv\cpp\RayCastBanana\RayCastBanana\Renderer.cpp(286,39): warning C4244: 'initializing': conversion from 'double' to 'float', possible loss of data
C:\Users\th0ma\OneDrive - University of Bergen\Priv\cpp\RayCastBanana\RayCastBanana\Renderer.cpp(286,28): warning C4244: 'initializing': conversion from 'double' to 'const float', possible loss of data
C:\Users\th0ma\OneDrive - University of Bergen\Priv\cpp\RayCastBanana\RayCastBanana\Renderer.cpp(329,32): warning C4244: 'initializing': conversion from 'double' to 'int', possible loss of data
C:\Users\th0ma\OneDrive - University of Bergen\Priv\cpp\RayCastBanana\RayCastBanana\Renderer.cpp(332,85): warning C4244: 'argument': conversion from 'double' to 'int', possible loss of data
  RayCastBanana.vcxproj -> C:\Users\th0ma\OneDrive - University of Bergen\Priv\cpp\RayCastBanana\bin\Win32\Debug\RayCastBanana.exe
